# JRE version: Java(TM) SE Runtime Environment (8.0-b132) (build 1.8.0-b132)
# Java VM: Java HotSpot(TM) 64-Bit Server VM (25.0-b70 mixed mode windows-amd64 compressed oops)
Heap:
 PSYoungGen      total 114176K, used 2409K [0x000000076b380000, 0x0000000773500000, 0x00000007c0000000)
  eden space 97280K, 2% used [0x000000076b380000,0x000000076b5da798,0x0000000771280000)
  from space 16896K, 0% used [0x0000000771280000,0x0000000771280000,0x0000000772300000)
  to   space 17408K, 0% used [0x0000000772400000,0x0000000772400000,0x0000000773500000)
 ParOldGen       total 47104K, used 34256K [0x00000006c1a00000, 0x00000006c4800000, 0x000000076b380000)
  object space 47104K, 72% used [0x00000006c1a00000,0x00000006c3b741a8,0x00000006c4800000)
 Metaspace       used 31647K, capacity 32402K, committed 34176K, reserved 1079296K
  class space    used 3689K, capacity 3906K, committed 4224K, reserved 1048576K
GC Heap History (10 events):
Event: 16.280 GC heap before
{Heap before GC invocations=25 (full 3):
 PSYoungGen      total 104960K, used 104703K [0x000000076b380000, 0x0000000772b00000, 0x00000007c0000000)
  eden space 92672K, 100% used [0x000000076b380000,0x0000000770e00000,0x0000000770e00000)
  from space 12288K, 97% used [0x0000000771180000,0x0000000771d3fc70,0x0000000771d80000)
  to   space 13824K, 0% used [0x0000000771d80000,0x0000000771d80000,0x0000000772b00000)
 ParOldGen       total 47104K, used 35462K [0x00000006c1a00000, 0x00000006c4800000, 0x000000076b380000)
  object space 47104K, 75% used [0x00000006c1a00000,0x00000006c3ca1b70,0x00000006c4800000)
 Metaspace       used 29889K, capacity 30564K, committed 30976K, reserved 1077248K
  class space    used 3526K, capacity 3742K, committed 3840K, reserved 1048576K
Event: 16.290 GC heap after
Heap after GC invocations=25 (full 3):
 PSYoungGen      total 108032K, used 6562K [0x000000076b380000, 0x0000000772f80000, 0x00000007c0000000)
  eden space 94208K, 0% used [0x000000076b380000,0x000000076b380000,0x0000000770f80000)
  from space 13824K, 47% used [0x0000000771d80000,0x00000007723e8898,0x0000000772b00000)
  to   space 14336K, 0% used [0x0000000770f80000,0x0000000770f80000,0x0000000771d80000)
 ParOldGen       total 47104K, used 35470K [0x00000006c1a00000, 0x00000006c4800000, 0x000000076b380000)
  object space 47104K, 75% used [0x00000006c1a00000,0x00000006c3ca3b70,0x00000006c4800000)
 Metaspace       used 29889K, capacity 30564K, committed 30976K, reserved 1077248K
  class space    used 3526K, capacity 3742K, committed 3840K, reserved 1048576K
}
Event: 58.517 GC heap before
{Heap before GC invocations=26 (full 3):
 PSYoungGen      total 108032K, used 100770K [0x000000076b380000, 0x0000000772f80000, 0x00000007c0000000)
  eden space 94208K, 100% used [0x000000076b380000,0x0000000770f80000,0x0000000770f80000)
  from space 13824K, 47% used [0x0000000771d80000,0x00000007723e8898,0x0000000772b00000)
  to   space 14336K, 0% used [0x0000000770f80000,0x0000000770f80000,0x0000000771d80000)
 ParOldGen       total 47104K, used 35470K [0x00000006c1a00000, 0x00000006c4800000, 0x000000076b380000)
  object space 47104K, 75% used [0x00000006c1a00000,0x00000006c3ca3b70,0x00000006c4800000)
 Metaspace       used 31545K, capacity 32258K, committed 32640K, reserved 1077248K
  class space    used 3696K, capacity 3930K, committed 3968K, reserved 1048576K
Event: 58.533 GC heap after
Heap after GC invocations=26 (full 3):
 PSYoungGen      total 108544K, used 10558K [0x000000076b380000, 0x0000000773200000, 0x00000007c0000000)
  eden space 94208K, 0% used [0x000000076b380000,0x000000076b380000,0x0000000770f80000)
  from space 14336K, 73% used [0x0000000770f80000,0x00000007719cfa98,0x0000000771d80000)
  to   space 15360K, 0% used [0x0000000772300000,0x0000000772300000,0x0000000773200000)
 ParOldGen       total 47104K, used 35478K [0x00000006c1a00000, 0x00000006c4800000, 0x000000076b380000)
  object space 47104K, 75% used [0x00000006c1a00000,0x00000006c3ca5b70,0x00000006c4800000)
 Metaspace       used 31545K, capacity 32258K, committed 32640K, reserved 1077248K
  class space    used 3696K, capacity 3930K, committed 3968K, reserved 1048576K
}
Event: 97.567 GC heap before
{Heap before GC invocations=27 (full 3):
 PSYoungGen      total 108544K, used 104766K [0x000000076b380000, 0x0000000773200000, 0x00000007c0000000)
  eden space 94208K, 100% used [0x000000076b380000,0x0000000770f80000,0x0000000770f80000)
  from space 14336K, 73% used [0x0000000770f80000,0x00000007719cfa98,0x0000000771d80000)
  to   space 15360K, 0% used [0x0000000772300000,0x0000000772300000,0x0000000773200000)
 ParOldGen       total 47104K, used 35478K [0x00000006c1a00000, 0x00000006c4800000, 0x000000076b380000)
  object space 47104K, 75% used [0x00000006c1a00000,0x00000006c3ca5b70,0x00000006c4800000)
 Metaspace       used 32825K, capacity 33656K, committed 33920K, reserved 1079296K
  class space    used 3865K, capacity 4139K, committed 4224K, reserved 1048576K
Event: 97.596 GC heap after
Heap after GC invocations=27 (full 3):
 PSYoungGen      total 112640K, used 11778K [0x000000076b380000, 0x0000000773400000, 0x00000007c0000000)
  eden space 97280K, 0% used [0x000000076b380000,0x000000076b380000,0x0000000771280000)
  from space 15360K, 76% used [0x0000000772300000,0x0000000772e80920,0x0000000773200000)
  to   space 16896K, 0% used [0x0000000771280000,0x0000000771280000,0x0000000772300000)
 ParOldGen       total 47104K, used 35486K [0x00000006c1a00000, 0x00000006c4800000, 0x000000076b380000)
  object space 47104K, 75% used [0x00000006c1a00000,0x00000006c3ca7b70,0x00000006c4800000)
 Metaspace       used 32825K, capacity 33656K, committed 33920K, reserved 1079296K
  class space    used 3865K, capacity 4139K, committed 4224K, reserved 1048576K
}
Event: 104.055 GC heap before
{Heap before GC invocations=28 (full 3):
 PSYoungGen      total 112640K, used 32950K [0x000000076b380000, 0x0000000773400000, 0x00000007c0000000)
  eden space 97280K, 21% used [0x000000076b380000,0x000000076c82d2b0,0x0000000771280000)
  from space 15360K, 76% used [0x0000000772300000,0x0000000772e80920,0x0000000773200000)
  to   space 16896K, 0% used [0x0000000771280000,0x0000000771280000,0x0000000772300000)
 ParOldGen       total 47104K, used 35486K [0x00000006c1a00000, 0x00000006c4800000, 0x000000076b380000)
  object space 47104K, 75% used [0x00000006c1a00000,0x00000006c3ca7b70,0x00000006c4800000)
 Metaspace       used 33005K, capacity 33872K, committed 34176K, reserved 1079296K
  class space    used 3884K, capacity 4147K, committed 4224K, reserved 1048576K
Event: 104.069 GC heap after
Heap after GC invocations=28 (full 3):
 PSYoungGen      total 114176K, used 10181K [0x000000076b380000, 0x0000000773500000, 0x00000007c0000000)
  eden space 97280K, 0% used [0x000000076b380000,0x000000076b380000,0x0000000771280000)
  from space 16896K, 60% used [0x0000000771280000,0x0000000771c71580,0x0000000772300000)
  to   space 17408K, 0% used [0x0000000772400000,0x0000000772400000,0x0000000773500000)
 ParOldGen       total 47104K, used 35494K [0x00000006c1a00000, 0x00000006c4800000, 0x000000076b380000)
  object space 47104K, 75% used [0x00000006c1a00000,0x00000006c3ca9b70,0x00000006c4800000)
 Metaspace       used 33005K, capacity 33872K, committed 34176K, reserved 1079296K
  class space    used 3884K, capacity 4147K, committed 4224K, reserved 1048576K
}
Event: 104.069 GC heap before
{Heap before GC invocations=29 (full 4):
 PSYoungGen      total 114176K, used 10181K [0x000000076b380000, 0x0000000773500000, 0x00000007c0000000)
  eden space 97280K, 0% used [0x000000076b380000,0x000000076b380000,0x0000000771280000)
  from space 16896K, 60% used [0x0000000771280000,0x0000000771c71580,0x0000000772300000)
  to   space 17408K, 0% used [0x0000000772400000,0x0000000772400000,0x0000000773500000)
 ParOldGen       total 47104K, used 35494K [0x00000006c1a00000, 0x00000006c4800000, 0x000000076b380000)
  object space 47104K, 75% used [0x00000006c1a00000,0x00000006c3ca9b70,0x00000006c4800000)
 Metaspace       used 33005K, capacity 33872K, committed 34176K, reserved 1079296K
  class space    used 3884K, capacity 4147K, committed 4224K, reserved 1048576K
Event: 104.373 GC heap after
Heap after GC invocations=29 (full 4):
 PSYoungGen      total 114176K, used 0K [0x000000076b380000, 0x0000000773500000, 0x00000007c0000000)
  eden space 97280K, 0% used [0x000000076b380000,0x000000076b380000,0x0000000771280000)
  from space 16896K, 0% used [0x0000000771280000,0x0000000771280000,0x0000000772300000)
  to   space 17408K, 0% used [0x0000000772400000,0x0000000772400000,0x0000000773500000)
 ParOldGen       total 47104K, used 34256K [0x00000006c1a00000, 0x00000006c4800000, 0x000000076b380000)
  object space 47104K, 72% used [0x00000006c1a00000,0x00000006c3b741a8,0x00000006c4800000)
 Metaspace       used 31642K, capacity 32402K, committed 34176K, reserved 1079296K
  class space    used 3689K, capacity 3906K, committed 4224K, reserved 1048576K
}

